<?xml version="1.0" encoding="UTF-8"?>
<testng-results ignored="0" total="1" passed="1" failed="0" skipped="0">
  <reporter-output>
  </reporter-output>
  <suite started-at="2023-10-12T12:28:47 CEST" name="Quick" finished-at="2023-10-12T12:28:58 CEST" duration-ms="10575">
    <groups>
    </groups>
    <test started-at="2023-10-12T12:28:47 CEST" name="Quick" finished-at="2023-10-12T12:28:58 CEST" duration-ms="10575">
      <class name="org.ait.demoqa.tests.book.Store.LoginPageTests">
        <test-method is-config="true" signature="init()[pri:0, instance:org.ait.demoqa.tests.book.Store.LoginPageTests@50ad3bc1]" started-at="2023-10-12T12:28:47 CEST" name="init" finished-at="2023-10-12T12:28:55 CEST" duration-ms="7848" status="PASS">
          <reporter-output>
          </reporter-output>
        </test-method> <!-- init -->
        <test-method is-config="true" signature="startLogger(java.lang.reflect.Method)[pri:0, instance:org.ait.demoqa.tests.book.Store.LoginPageTests@50ad3bc1]" started-at="2023-10-12T12:28:55 CEST" name="startLogger" finished-at="2023-10-12T12:28:55 CEST" duration-ms="4" status="PASS">
          <params>
            <param index="0">
              <value>
                <![CDATA[public void org.ait.demoqa.tests.book.Store.LoginPageTests.loginPositiveTest()]]>
              </value>
            </param>
          </params>
          <reporter-output>
          </reporter-output>
        </test-method> <!-- startLogger -->
        <test-method is-config="true" signature="precondition()[pri:0, instance:org.ait.demoqa.tests.book.Store.LoginPageTests@50ad3bc1]" started-at="2023-10-12T12:28:55 CEST" name="precondition" finished-at="2023-10-12T12:28:56 CEST" duration-ms="674" status="PASS">
          <reporter-output>
          </reporter-output>
        </test-method> <!-- precondition -->
        <test-method signature="loginPositiveTest()[pri:0, instance:org.ait.demoqa.tests.book.Store.LoginPageTests@50ad3bc1]" started-at="2023-10-12T12:28:56 CEST" name="loginPositiveTest" finished-at="2023-10-12T12:28:58 CEST" duration-ms="1748" status="PASS">
          <reporter-output>
          </reporter-output>
        </test-method> <!-- loginPositiveTest -->
        <test-method is-config="true" signature="tearDown()[pri:0, instance:org.ait.demoqa.tests.book.Store.LoginPageTests@50ad3bc1]" started-at="2023-10-12T12:28:58 CEST" name="tearDown" finished-at="2023-10-12T12:28:58 CEST" duration-ms="244" status="PASS">
          <reporter-output>
          </reporter-output>
        </test-method> <!-- tearDown -->
      </class> <!-- org.ait.demoqa.tests.book.Store.LoginPageTests -->
    </test> <!-- Quick -->
  </suite> <!-- Quick -->
</testng-results>
